<?xml version="1.0" encoding="utf-8"?><testsuites name="pytest tests"><testsuite name="pytest" errors="0" failures="0" skipped="0" tests="6" time="1.111" timestamp="2026-09-20T11:22:40.314826+00:00" hostname="agent-env-39eb53ac-481c-484b-b5b8-45af9551dd1c"><testcase classname="tests.test_catalog_newsletter_api" name="test_get_products_returns_20_serialized_records" time="0.185" /><testcase classname="tests.test_catalog_newsletter_api" name="test_get_product_by_known_id" time="0.072" /><testcase classname="tests.test_catalog_newsletter_api" name="test_get_product_unknown_id_returns_404" time="0.069" /><testcase classname="tests.test_catalog_newsletter_api" name="test_newsletter_valid_subscription_then_duplicate_idempotent" time="0.135" /><testcase classname="tests.test_catalog_newsletter_api" name="test_newsletter_rejects_invalid_email" time="0.074" /><testcase classname="tests.test_catalog_newsletter_api" name="test_newsletter_rejects_false_consent" time="0.064" /></testsuite></testsuites>